lerna(verbose) GitUtilities.isInitialized    ()
lerna(verbose) GitUtilities.isInitialized    () => true
lerna(verbose) GitUtilities.getTopLevelDirectory()
lerna(verbose) GitUtilities.getTopLevelDirectory() => "."
lerna(verbose) FileSystemUtilities.existsSync("./lerna.json")
lerna(verbose) FileSystemUtilities.existsSync("./lerna.json") => true
lerna(verbose) FileSystemUtilities.readFileSync("./lerna.json")
lerna(verbose) FileSystemUtilities.readFileSync("./lerna.json") => "{\n  \"lerna\": \"2.0.0-beta.34\",\n  \"packages\": [\n    \"packages/*\"\n  ],\n  \"version\": \"0.0.0\"\n}"
lerna(verbose) FileSystemUtilities.existsSync("./package.json")
lerna(verbose) FileSystemUtilities.existsSync("./package.json") => true
lerna(verbose) FileSystemUtilities.readFileSync("./package.json")
lerna(verbose) FileSystemUtilities.readFileSync("./package.json") => "{\n  \"name\": \"gluestick-packages\",\n  \"scripts\": {\n    \"postinstall\": \"lerna bootstrap\",\n    \"lerna\": \"lerna\",\n    \"test\": \"cd ./packages/gluestick && npm run test-coverage\",\n    \"lint\": \"lerna run lint\"\n  },\n  \"dependencies\": {\n    \"lerna\": \"2.0.0-beta.34\"\n  }\n}"
lerna(info)    Lerna v2.0.0-beta.34
lerna(verbose) FileSystemUtilities.existsSync("./package.json")
lerna(verbose) FileSystemUtilities.existsSync("./package.json") => true
lerna(verbose) FileSystemUtilities.existsSync("./lerna.json")
lerna(verbose) FileSystemUtilities.existsSync("./lerna.json") => true
lerna(verbose) FileSystemUtilities.existsSync("./VERSION")
lerna(verbose) FileSystemUtilities.existsSync("./VERSION") => false
lerna(verbose) FileSystemUtilities.existsSync("./packages/gluestick-cli/package.json")
lerna(verbose) FileSystemUtilities.existsSync("./packages/gluestick-cli/package.json") => true
lerna(verbose) FileSystemUtilities.existsSync("./packages/gluestick/package.json")
lerna(verbose) FileSystemUtilities.existsSync("./packages/gluestick/package.json") => true
lerna(verbose) Attempting running ExecCommand.initialize
lerna(verbose) Successfully ran ExecCommand.initialize
lerna(verbose) Attempting running ExecCommand.execute
lerna(error)   Errored while running command 'yarn' with arguments '' in 'gluestick-cli'
lerna(error)   Errored while running ExecCommand.execute
    Command failed: yarn 
